<?xml version="1.0" encoding="UTF-8"?>
<testng-results ignored="0" total="1" passed="1" failed="0" skipped="0">
  <reporter-output>
  </reporter-output>
  <suite started-at="2019-07-26T03:54:59Z" name="Default suite" finished-at="2019-07-26T03:55:02Z" duration-ms="2911">
    <groups>
    </groups>
    <test started-at="2019-07-26T03:54:59Z" name="Default test" finished-at="2019-07-26T03:55:02Z" duration-ms="2911">
      <class name="web_test.test3.App">
        <test-method signature="test()[pri:0, instance:web_test.test3.App@14ec4505]" started-at="2019-07-26T03:54:59Z" name="test" finished-at="2019-07-26T03:55:02Z" duration-ms="2890" status="PASS">
          <reporter-output>
          </reporter-output>
        </test-method> <!-- test -->
      </class> <!-- web_test.test3.App -->
    </test> <!-- Default test -->
  </suite> <!-- Default suite -->
</testng-results>
